C51 COMPILER V6.02  BUTTONS                                                                12/07/2019 23:54:06 PAGE 1   


C51 COMPILER V6.02, COMPILATION OF MODULE BUTTONS
OBJECT MODULE PLACED IN .\Buttons.OBJ
COMPILER INVOKED BY: C:\Keil\C51\BIN\C51.EXE .\Buttons.c DEBUG OBJECTEXTEND

stmt level    source

   1          /* Names: Tyler Andrews, Brennan Campbell, Tyler Tetens
   2           * Project: Experiment 5
   3           * Class: Cpe5160
   4           * Professor: Mr. Younger
   5          */
   6          #include "Buttons.h"
   7          #include "AT89C51RC2.h"
   8          #include "Blinking_lights.h"
   9          
  10          // Buttons used throughout project
  11          SW_values_t SW1_values_g,SW2_values_g,SW3_values_g,SW4_values_g;
  12          
  13          SW_values_t * Return_SW1_address(){
  14   1      	return &SW1_values_g;
  15   1      }
  16          
  17          SW_values_t * Return_SW2_address(){
  18   1      	return &SW2_values_g;
  19   1      }
  20          
  21          SW_values_t * Return_SW3_address(){
  22   1      	return &SW3_values_g;
  23   1      }
  24          
  25          SW_values_t * Return_SW4_address(){
  26   1      	return &SW4_values_g;
  27   1      }
  28          
  29          void Switch_Init(void)
  30          {
  31   1      	SW1_values_g.SW_mask=1<<0;
  32   1      	SW1_values_g.debounce_time=0;
  33   1      	SW1_values_g.SW_state=not_pressed;
  34   1      
  35   1      	SW2_values_g.SW_mask=1<<1;
  36   1      	SW2_values_g.debounce_time=0;
  37   1      	SW2_values_g.SW_state=not_pressed;
  38   1      
  39   1      	SW3_values_g.SW_mask=1<<2;
  40   1      	SW3_values_g.debounce_time=0;
  41   1      	SW3_values_g.SW_state=not_pressed;
  42   1      
  43   1      	SW4_values_g.SW_mask=1<<3;
  44   1      	SW4_values_g.debounce_time=0;
  45   1      	SW4_values_g.SW_state=not_pressed;
  46   1      }
  47          
  48          void Read_Switch(SW_values_t * SW_input_p)
  49          {
  50   1      	if(SW_input_p->SW_state==not_pressed)
  51   1      	{
  52   2      		if((P2&SW_input_p->SW_mask)==0)
  53   2      		{
  54   3      			SW_input_p->debounce_time=0;
  55   3      			SW_input_p->SW_state=debounce_p;
C51 COMPILER V6.02  BUTTONS                                                                12/07/2019 23:54:06 PAGE 2   

  56   3      		}
  57   2      	}
  58   1      	else if(SW_input_p->SW_state==debounce_p)
  59   1      	{
  60   2      		SW_input_p->debounce_time+=interval;
  61   2      		if(SW_input_p->debounce_time>=debounce_timer)
  62   2      		{
  63   3      			if((P2&SW_input_p->SW_mask)==0)
  64   3      			{
  65   4      				SW_input_p->SW_state=pressed;
  66   4      			}
  67   3      			else
  68   3      			{
  69   4      				SW_input_p->SW_state=not_pressed;
  70   4      			}
  71   3      		 }
  72   2      	}
  73   1      	else if(SW_input_p->SW_state==held)
  74   1      	{
  75   2      		if((P2&SW_input_p->SW_mask)!=0)
  76   2      		{
  77   3      			SW_input_p->SW_state = debounce_r;
  78   3      		}
  79   2      	}
  80   1      	else if(SW_input_p->SW_state==debounce_r)
  81   1      	{
  82   2      		SW_input_p->debounce_time+=interval;
  83   2      		if(SW_input_p->debounce_time>=debounce_timer)
  84   2      		{
  85   3      			if((P2&SW_input_p->SW_mask)!=0)
  86   3      			{
  87   4      				SW_input_p->SW_state=not_pressed;
  88   4      			}
  89   3      			else
  90   3      			{
  91   4      				SW_input_p->SW_state=held;
  92   4      			}
  93   3      		}
  94   2      	 }
  95   1      }


MODULE INFORMATION:   STATIC OVERLAYABLE
   CODE SIZE        =    198    ----
   CONSTANT SIZE    =   ----    ----
   XDATA SIZE       =   ----    ----
   PDATA SIZE       =   ----    ----
   DATA SIZE        =     12    ----
   IDATA SIZE       =   ----    ----
   BIT SIZE         =   ----    ----
END OF MODULE INFORMATION.


C51 COMPILATION COMPLETE.  0 WARNING(S),  0 ERROR(S)
