A51 MACRO ASSEMBLER  CONFIG                                                               12/10/2019 19:27:38 PAGE     1


MACRO ASSEMBLER A51 V6.02
OBJECT MODULE PLACED IN .\config.OBJ
ASSEMBLER INVOKED BY: C:\Keil\C51\BIN\A51.EXE .\config.asm SET(SMALL) DEBUG EP

LOC  OBJ            LINE     SOURCE

                       1     PUBLIC CONFIG, CONFIG2, CONFIG3
                       2     
                       3     STA013_config SEGMENT CODE
----                   4             RSEG STA013_config
                       5     
0000                   6     CONFIG:
0000 3A01              7     DB 58, 1
0002 2A04              8     DB 42, 4
0004 2800              9     DB 40, 0
0006 2900             10     DB 41, 0
0008 2000             11     DB 32, 0
000A 2100             12     DB 33, 0
000C 2200             13     DB 34, 0
000E 2300             14     DB 35, 0
0010 2400             15     DB 36, 0
0012 2500             16     DB 37, 0
0014 2600             17     DB 38, 0
0016 2700             18     DB 39, 0
0018 2801             19     DB 40, 1
001A 2802             20     DB 40, 2
001C 218F             21     DB 33, 143
001E 2803             22     DB 40, 3
0020 2100             23     DB 33, 0
0022 2804             24     DB 40, 4
0024 2805             25     DB 40, 5
0026 2806             26     DB 40, 6
0028 2807             27     DB 40, 7
002A 2808             28     DB 40, 8
002C 2809             29     DB 40, 9
002E 280A             30     DB 40, 10
0030 280B             31     DB 40, 11
0032 280C             32     DB 40, 12
0034 2080             33     DB 32, 128
0036 2190             34     DB 33, 144
0038 280D             35     DB 40, 13
003A 2000             36     DB 32, 0
003C 2100             37     DB 33, 0
003E 280E             38     DB 40, 14
0040 2081             39     DB 32, 129
0042 2191             40     DB 33, 145
0044 280F             41     DB 40, 15
0046 2000             42     DB 32, 0
0048 2192             43     DB 33, 146
004A 2810             44     DB 40, 16
004C 2100             45     DB 33, 0
004E 2811             46     DB 40, 17
0050 2193             47     DB 33, 147
0052 2812             48     DB 40, 18
0054 2100             49     DB 33, 0
0056 2813             50     DB 40, 19
0058 2814             51     DB 40, 20
005A 2815             52     DB 40, 21
005C 2082             53     DB 32, 130
005E 2816             54     DB 40, 22
0060 2000             55     DB 32, 0
0062 2817             56     DB 40, 23
0064 2818             57     DB 40, 24
0066 2819             58     DB 40, 25
A51 MACRO ASSEMBLER  CONFIG                                                               12/10/2019 19:27:38 PAGE     2

0068 2194             59     DB 33, 148
006A 281A             60     DB 40, 26
006C 2195             61     DB 33, 149
006E 281B             62     DB 40, 27
0070 2196             63     DB 33, 150
0072 281C             64     DB 40, 28
0074 2100             65     DB 33, 0
0076 281D             66     DB 40, 29
0078 2083             67     DB 32, 131
007A 281E             68     DB 40, 30
007C 2000             69     DB 32, 0
007E 281F             70     DB 40, 31
0080 2197             71     DB 33, 151
0082 2820             72     DB 40, 32
0084 2100             73     DB 33, 0
0086 2821             74     DB 40, 33
0088 2822             75     DB 40, 34
008A 2823             76     DB 40, 35
008C 2824             77     DB 40, 36
008E 2825             78     DB 40, 37
0090 2826             79     DB 40, 38
0092 2827             80     DB 40, 39
0094 2828             81     DB 40, 40
0096 2829             82     DB 40, 41
0098 282A             83     DB 40, 42
009A 2084             84     DB 32, 132
009C 282B             85     DB 40, 43
009E 2000             86     DB 32, 0
00A0 282C             87     DB 40, 44
00A2 282D             88     DB 40, 45
00A4 282E             89     DB 40, 46
00A6 282F             90     DB 40, 47
00A8 2830             91     DB 40, 48
00AA 2831             92     DB 40, 49
00AC 2832             93     DB 40, 50
00AE 2085             94     DB 32, 133
00B0 2833             95     DB 40, 51
00B2 2000             96     DB 32, 0
00B4 2834             97     DB 40, 52
00B6 2835             98     DB 40, 53
00B8 2836             99     DB 40, 54
00BA 2837            100     DB 40, 55
00BC 2198            101     DB 33, 152
00BE 2838            102     DB 40, 56
00C0 2100            103     DB 33, 0
00C2 2839            104     DB 40, 57
00C4 283A            105     DB 40, 58
00C6 283B            106     DB 40, 59
00C8 283C            107     DB 40, 60
00CA 283D            108     DB 40, 61
00CC 283E            109     DB 40, 62
00CE 283F            110     DB 40, 63
00D0 2840            111     DB 40, 64
00D2 2841            112     DB 40, 65
00D4 2842            113     DB 40, 66
00D6 2843            114     DB 40, 67
00D8 2844            115     DB 40, 68
00DA 2845            116     DB 40, 69
00DC 2846            117     DB 40, 70
00DE 2847            118     DB 40, 71
00E0 2848            119     DB 40, 72
00E2 2849            120     DB 40, 73
00E4 284A            121     DB 40, 74
00E6 284B            122     DB 40, 75
00E8 284C            123     DB 40, 76
00EA 284D            124     DB 40, 77
A51 MACRO ASSEMBLER  CONFIG                                                               12/10/2019 19:27:38 PAGE     3

00EC 284E            125     DB 40, 78
00EE 284F            126     DB 40, 79
00F0 2850            127     DB 40, 80
00F2 2851            128     DB 40, 81
00F4 2852            129     DB 40, 82
00F6 2853            130     DB 40, 83
00F8 2854            131     DB 40, 84
00FA 2855            132     DB 40, 85
00FC 2856            133     DB 40, 86
00FE 2857            134     DB 40, 87
0100 2858            135     DB 40, 88
0102 2859            136     DB 40, 89
0104 285A            137     DB 40, 90
0106 285B            138     DB 40, 91
0108 285C            139     DB 40, 92
010A 285D            140     DB 40, 93
010C 285E            141     DB 40, 94
010E 285F            142     DB 40, 95
0110 2860            143     DB 40, 96
0112 2861            144     DB 40, 97
0114 2862            145     DB 40, 98
0116 2199            146     DB 33, 153
0118 2863            147     DB 40, 99
011A 2100            148     DB 33, 0
011C 2864            149     DB 40, 100
011E 2865            150     DB 40, 101
0120 2866            151     DB 40, 102
0122 2867            152     DB 40, 103
0124 2868            153     DB 40, 104
0126 2869            154     DB 40, 105
0128 286A            155     DB 40, 106
012A 286B            156     DB 40, 107
012C 286C            157     DB 40, 108
012E 286D            158     DB 40, 109
0130 286E            159     DB 40, 110
0132 286F            160     DB 40, 111
0134 2870            161     DB 40, 112
0136 2871            162     DB 40, 113
0138 2872            163     DB 40, 114
013A 2873            164     DB 40, 115
013C 2874            165     DB 40, 116
013E 2875            166     DB 40, 117
0140 2876            167     DB 40, 118
0142 2877            168     DB 40, 119
0144 2878            169     DB 40, 120
0146 2879            170     DB 40, 121
0148 287A            171     DB 40, 122
014A 287B            172     DB 40, 123
014C 287C            173     DB 40, 124
014E 287D            174     DB 40, 125
0150 287E            175     DB 40, 126
0152 287F            176     DB 40, 127
0154 2880            177     DB 40, 128
0156 2881            178     DB 40, 129
0158 2882            179     DB 40, 130
015A 2883            180     DB 40, 131
015C 2884            181     DB 40, 132
015E 2885            182     DB 40, 133
0160 2886            183     DB 40, 134
0162 2887            184     DB 40, 135
0164 2888            185     DB 40, 136
0166 2889            186     DB 40, 137
0168 288A            187     DB 40, 138
016A 288B            188     DB 40, 139
016C 288C            189     DB 40, 140
016E 288D            190     DB 40, 141
A51 MACRO ASSEMBLER  CONFIG                                                               12/10/2019 19:27:38 PAGE     4

0170 288E            191     DB 40, 142
0172 288F            192     DB 40, 143
0174 2890            193     DB 40, 144
0176 2891            194     DB 40, 145
0178 2086            195     DB 32, 134
017A 2892            196     DB 40, 146
017C 2087            197     DB 32, 135
017E 2893            198     DB 40, 147
0180 2000            199     DB 32, 0
0182 2894            200     DB 40, 148
0184 2895            201     DB 40, 149
0186 2896            202     DB 40, 150
0188 2897            203     DB 40, 151
018A 2898            204     DB 40, 152
018C 2899            205     DB 40, 153
018E 289A            206     DB 40, 154
0190 289B            207     DB 40, 155
0192 289C            208     DB 40, 156
0194 289D            209     DB 40, 157
0196 289E            210     DB 40, 158
0198 289F            211     DB 40, 159
019A 219A            212     DB 33, 154
019C 28A0            213     DB 40, 160
019E 2100            214     DB 33, 0
01A0 28A1            215     DB 40, 161
01A2 28A2            216     DB 40, 162
01A4 28A3            217     DB 40, 163
01A6 28A4            218     DB 40, 164
01A8 28A5            219     DB 40, 165
01AA 28A6            220     DB 40, 166
01AC 28A7            221     DB 40, 167
01AE 28A8            222     DB 40, 168
01B0 28A9            223     DB 40, 169
01B2 28AA            224     DB 40, 170
01B4 28AB            225     DB 40, 171
01B6 28AC            226     DB 40, 172
01B8 28AD            227     DB 40, 173
01BA 28AE            228     DB 40, 174
01BC 28AF            229     DB 40, 175
01BE 28B0            230     DB 40, 176
01C0 28B1            231     DB 40, 177
01C2 28B2            232     DB 40, 178
01C4 28B3            233     DB 40, 179
01C6 28B4            234     DB 40, 180
01C8 28B5            235     DB 40, 181
01CA 28B6            236     DB 40, 182
01CC 28B7            237     DB 40, 183
01CE 28B8            238     DB 40, 184
01D0 28B9            239     DB 40, 185
01D2 2088            240     DB 32, 136
01D4 28BA            241     DB 40, 186
01D6 2000            242     DB 32, 0
01D8 28BB            243     DB 40, 187
01DA 2089            244     DB 32, 137
01DC 28BC            245     DB 40, 188
01DE 2000            246     DB 32, 0
01E0 28BD            247     DB 40, 189
01E2 28BE            248     DB 40, 190
01E4 28BF            249     DB 40, 191
01E6 28C0            250     DB 40, 192
01E8 28C1            251     DB 40, 193
01EA 28C2            252     DB 40, 194
01EC 28C3            253     DB 40, 195
01EE 219B            254     DB 33, 155
01F0 28C4            255     DB 40, 196
01F2 2100            256     DB 33, 0
A51 MACRO ASSEMBLER  CONFIG                                                               12/10/2019 19:27:38 PAGE     5

01F4 28C5            257     DB 40, 197
01F6 28C6            258     DB 40, 198
01F8 28C7            259     DB 40, 199
01FA 28C8            260     DB 40, 200
01FC 28C9            261     DB 40, 201
01FE 28CA            262     DB 40, 202
0200 28CB            263     DB 40, 203
0202 28CC            264     DB 40, 204
0204 28CD            265     DB 40, 205
0206 28CE            266     DB 40, 206
0208 28CF            267     DB 40, 207
020A 28D0            268     DB 40, 208
020C 28D1            269     DB 40, 209
020E 28D2            270     DB 40, 210
0210 28D3            271     DB 40, 211
0212 28D4            272     DB 40, 212
0214 28D5            273     DB 40, 213
0216 28D6            274     DB 40, 214
0218 28D7            275     DB 40, 215
021A 28D8            276     DB 40, 216
021C 28D9            277     DB 40, 217
021E 28DA            278     DB 40, 218
0220 28DB            279     DB 40, 219
0222 28DC            280     DB 40, 220
0224 28DD            281     DB 40, 221
0226 28DE            282     DB 40, 222
0228 28DF            283     DB 40, 223
022A 28E0            284     DB 40, 224
022C 28E1            285     DB 40, 225
022E 208A            286     DB 32, 138
0230 28E2            287     DB 40, 226
0232 208B            288     DB 32, 139
0234 28E3            289     DB 40, 227
0236 2000            290     DB 32, 0
0238 28E4            291     DB 40, 228
023A 28E5            292     DB 40, 229
023C 28E6            293     DB 40, 230
023E 28E7            294     DB 40, 231
0240 28E8            295     DB 40, 232
0242 28E9            296     DB 40, 233
0244 28EA            297     DB 40, 234
0246 28EB            298     DB 40, 235
0248 28EC            299     DB 40, 236
024A 28ED            300     DB 40, 237
024C 28EE            301     DB 40, 238
024E 28EF            302     DB 40, 239
0250 28F0            303     DB 40, 240
0252 28F1            304     DB 40, 241
0254 28F2            305     DB 40, 242
0256 28F3            306     DB 40, 243
0258 28F4            307     DB 40, 244
025A 28F5            308     DB 40, 245
025C 28F6            309     DB 40, 246
025E 28F7            310     DB 40, 247
0260 28F8            311     DB 40, 248
0262 208C            312     DB 32, 140
0264 28F9            313     DB 40, 249
0266 2000            314     DB 32, 0
0268 219C            315     DB 33, 156
026A 28FA            316     DB 40, 250
026C 219D            317     DB 33, 157
026E 28FB            318     DB 40, 251
0270 208D            319     DB 32, 141
0272 219E            320     DB 33, 158
0274 28FC            321     DB 40, 252
0276 208E            322     DB 32, 142
A51 MACRO ASSEMBLER  CONFIG                                                               12/10/2019 19:27:38 PAGE     6

0278 219F            323     DB 33, 159
027A 28FD            324     DB 40, 253
027C 2000            325     DB 32, 0
027E 2100            326     DB 33, 0
0280 28FE            327     DB 40, 254
0282 28FF            328     DB 40, 255
0284 2A01            329     DB 42, 1
0286 2800            330     DB 40, 0
0288 2201            331     DB 34, 1
028A 2395            332     DB 35, 149
028C 2489            333     DB 36, 137
028E 2507            334     DB 37, 7
0290 26A4            335     DB 38, 164
0292 2707            336     DB 39, 7
0294 2801            337     DB 40, 1
0296 21C7            338     DB 33, 199
0298 2200            339     DB 34, 0
029A 2380            340     DB 35, 128
029C 26C4            341     DB 38, 196
029E 270C            342     DB 39, 12
02A0 2802            343     DB 40, 2
02A2 2009            344     DB 32, 9
02A4 211C            345     DB 33, 28
02A6 2204            346     DB 34, 4
02A8 26AA            347     DB 38, 170
02AA 270A            348     DB 39, 10
02AC 2803            349     DB 40, 3
02AE 2000            350     DB 32, 0
02B0 2100            351     DB 33, 0
02B2 2200            352     DB 34, 0
02B4 23A6            353     DB 35, 166
02B6 26A0            354     DB 38, 160
02B8 2707            355     DB 39, 7
02BA 2804            356     DB 40, 4
02BC 2805            357     DB 40, 5
02BE 2005            358     DB 32, 5
02C0 2384            359     DB 35, 132
02C2 26B4            360     DB 38, 180
02C4 2709            361     DB 39, 9
02C6 2806            362     DB 40, 6
02C8 2000            363     DB 32, 0
02CA 2203            364     DB 34, 3
02CC 2300            365     DB 35, 0
02CE 2481            366     DB 36, 129
02D0 25C0            367     DB 37, 192
02D2 26AB            368     DB 38, 171
02D4 270A            369     DB 39, 10
02D6 2807            370     DB 40, 7
02D8 21AE            371     DB 33, 174
02DA 2200            372     DB 34, 0
02DC 2395            373     DB 35, 149
02DE 2489            374     DB 36, 137
02E0 2507            375     DB 37, 7
02E2 26A4            376     DB 38, 164
02E4 2700            377     DB 39, 0
02E6 2808            378     DB 40, 8
02E8 2148            379     DB 33, 72
02EA 2201            380     DB 34, 1
02EC 2380            381     DB 35, 128
02EE 26C4            382     DB 38, 196
02F0 270C            383     DB 39, 12
02F2 2809            384     DB 40, 9
02F4 2009            385     DB 32, 9
02F6 2104            386     DB 33, 4
02F8 2204            387     DB 34, 4
02FA 26AA            388     DB 38, 170
A51 MACRO ASSEMBLER  CONFIG                                                               12/10/2019 19:27:38 PAGE     7

02FC 270A            389     DB 39, 10
02FE 280A            390     DB 40, 10
0300 2000            391     DB 32, 0
0302 2100            392     DB 33, 0
0304 2200            393     DB 34, 0
0306 23A8            394     DB 35, 168
0308 26A4            395     DB 38, 164
030A 2707            396     DB 39, 7
030C 280B            397     DB 40, 11
030E 280C            398     DB 40, 12
0310 2140            399     DB 33, 64
0312 2220            400     DB 34, 32
0314 2380            401     DB 35, 128
0316 26C4            402     DB 38, 196
0318 270C            403     DB 39, 12
031A 280D            404     DB 40, 13
031C 2224            405     DB 34, 36
031E 26C6            406     DB 38, 198
0320 280E            407     DB 40, 14
0322 219E            408     DB 33, 158
0324 2200            409     DB 34, 0
0326 26C8            410     DB 38, 200
0328 280F            411     DB 40, 15
032A 2009            412     DB 32, 9
032C 2102            413     DB 33, 2
032E 2214            414     DB 34, 20
0330 26AA            415     DB 38, 170
0332 270A            416     DB 39, 10
0334 2810            417     DB 40, 16
0336 2005            418     DB 32, 5
0338 2100            419     DB 33, 0
033A 2200            420     DB 34, 0
033C 2384            421     DB 35, 132
033E 26B4            422     DB 38, 180
0340 2709            423     DB 39, 9
0342 2811            424     DB 40, 17
0344 2000            425     DB 32, 0
0346 2101            426     DB 33, 1
0348 2300            427     DB 35, 0
034A 2401            428     DB 36, 1
034C 25C0            429     DB 37, 192
034E 26AB            430     DB 38, 171
0350 270A            431     DB 39, 10
0352 2812            432     DB 40, 18
0354 21C3            433     DB 33, 195
0356 2395            434     DB 35, 149
0358 2489            435     DB 36, 137
035A 2507            436     DB 37, 7
035C 2620            437     DB 38, 32
035E 2700            438     DB 39, 0
0360 2813            439     DB 40, 19
0362 2003            440     DB 32, 3
0364 21C2            441     DB 33, 194
0366 2383            442     DB 35, 131
0368 2626            443     DB 38, 38
036A 270D            444     DB 39, 13
036C 2814            445     DB 40, 20
036E 21B3            446     DB 33, 179
0370 2208            447     DB 34, 8
0372 2815            448     DB 40, 21
0374 2000            449     DB 32, 0
0376 21C6            450     DB 33, 198
0378 2200            451     DB 34, 0
037A 2395            452     DB 35, 149
037C 2600            453     DB 38, 0
037E 2708            454     DB 39, 8
A51 MACRO ASSEMBLER  CONFIG                                                               12/10/2019 19:27:38 PAGE     8

0380 2816            455     DB 40, 22
0382 2100            456     DB 33, 0
0384 2300            457     DB 35, 0
0386 2496            458     DB 36, 150
0388 2503            459     DB 37, 3
038A 26AA            460     DB 38, 170
038C 270A            461     DB 39, 10
038E 2817            462     DB 40, 23
0390 2042            463     DB 32, 66
0392 21B6            464     DB 33, 182
0394 2380            465     DB 35, 128
0396 2489            466     DB 36, 137
0398 2507            467     DB 37, 7
039A 2818            468     DB 40, 24
039C 2000            469     DB 32, 0
039E 2100            470     DB 33, 0
03A0 2394            471     DB 35, 148
03A2 260E            472     DB 38, 14
03A4 2819            473     DB 40, 25
03A6 200F            474     DB 32, 15
03A8 2384            475     DB 35, 132
03AA 26B4            476     DB 38, 180
03AC 2709            477     DB 39, 9
03AE 281A            478     DB 40, 26
03B0 2000            479     DB 32, 0
03B2 2393            480     DB 35, 147
03B4 26A8            481     DB 38, 168
03B6 2703            482     DB 39, 3
03B8 281B            483     DB 40, 27
03BA 2628            484     DB 38, 40
03BC 2700            485     DB 39, 0
03BE 281C            486     DB 40, 28
03C0 2101            487     DB 33, 1
03C2 2300            488     DB 35, 0
03C4 2401            489     DB 36, 1
03C6 25C0            490     DB 37, 192
03C8 26AB            491     DB 38, 171
03CA 270A            492     DB 39, 10
03CC 281D            493     DB 40, 29
03CE 21C5            494     DB 33, 197
03D0 2395            495     DB 35, 149
03D2 2489            496     DB 36, 137
03D4 2507            497     DB 37, 7
03D6 2620            498     DB 38, 32
03D8 2700            499     DB 39, 0
03DA 281E            500     DB 40, 30
03DC 2100            501     DB 33, 0
03DE 2394            502     DB 35, 148
03E0 2600            503     DB 38, 0
03E2 270A            504     DB 39, 10
03E4 281F            505     DB 40, 31
03E6 260E            506     DB 38, 14
03E8 2820            507     DB 40, 32
03EA 2003            508     DB 32, 3
03EC 2179            509     DB 33, 121
03EE 2201            510     DB 34, 1
03F0 2383            511     DB 35, 131
03F2 2626            512     DB 38, 38
03F4 270D            513     DB 39, 13
03F6 2821            514     DB 40, 33
03F8 2132            515     DB 33, 50
03FA 2822            516     DB 40, 34
03FC 2000            517     DB 32, 0
03FE 2104            518     DB 33, 4
0400 2200            519     DB 34, 0
0402 2380            520     DB 35, 128
A51 MACRO ASSEMBLER  CONFIG                                                               12/10/2019 19:27:38 PAGE     9

0404 2400            521     DB 36, 0
0406 25FC            522     DB 37, 252
0408 26AA            523     DB 38, 170
040A 270A            524     DB 39, 10
040C 2823            525     DB 40, 35
040E 2100            526     DB 33, 0
0410 2300            527     DB 35, 0
0412 2500            528     DB 37, 0
0414 2824            529     DB 40, 36
0416 21A3            530     DB 33, 163
0418 220D            531     DB 34, 13
041A 2380            532     DB 35, 128
041C 249E            533     DB 36, 158
041E 253B            534     DB 37, 59
0420 2825            535     DB 40, 37
0422 2042            536     DB 32, 66
0424 2157            537     DB 33, 87
0426 2201            538     DB 34, 1
0428 2489            539     DB 36, 137
042A 2507            540     DB 37, 7
042C 2826            541     DB 40, 38
042E 2000            542     DB 32, 0
0430 2143            543     DB 33, 67
0432 220D            544     DB 34, 13
0434 2400            545     DB 36, 0
0436 2538            546     DB 37, 56
0438 2827            547     DB 40, 39
043A 2108            548     DB 33, 8
043C 2298            549     DB 34, 152
043E 2395            550     DB 35, 149
0440 2489            551     DB 36, 137
0442 2507            552     DB 37, 7
0444 2624            553     DB 38, 36
0446 2700            554     DB 39, 0
0448 2828            555     DB 40, 40
044A 2042            556     DB 32, 66
044C 2193            557     DB 33, 147
044E 2201            558     DB 34, 1
0450 2380            559     DB 35, 128
0452 26AA            560     DB 38, 170
0454 270A            561     DB 39, 10
0456 2829            562     DB 40, 41
0458 2003            563     DB 32, 3
045A 217E            564     DB 33, 126
045C 2204            565     DB 34, 4
045E 2383            566     DB 35, 131
0460 2626            567     DB 38, 38
0462 270D            568     DB 39, 13
0464 282A            569     DB 40, 42
0466 2000            570     DB 32, 0
0468 21B0            571     DB 33, 176
046A 2200            572     DB 34, 0
046C 2395            573     DB 35, 149
046E 26A0            574     DB 38, 160
0470 2707            575     DB 39, 7
0472 282B            576     DB 40, 43
0474 2100            577     DB 33, 0
0476 2300            578     DB 35, 0
0478 240C            579     DB 36, 12
047A 2504            580     DB 37, 4
047C 26AA            581     DB 38, 170
047E 270A            582     DB 39, 10
0480 282C            583     DB 40, 44
0482 2102            584     DB 33, 2
0484 2380            585     DB 35, 128
0486 2486            586     DB 36, 134
A51 MACRO ASSEMBLER  CONFIG                                                               12/10/2019 19:27:38 PAGE    10

0488 25C3            587     DB 37, 195
048A 26AB            588     DB 38, 171
048C 282D            589     DB 40, 45
048E 2042            590     DB 32, 66
0490 2197            591     DB 33, 151
0492 2201            592     DB 34, 1
0494 2489            593     DB 36, 137
0496 2507            594     DB 37, 7
0498 26AA            595     DB 38, 170
049A 282E            596     DB 40, 46
049C 2000            597     DB 32, 0
049E 2100            598     DB 33, 0
04A0 2200            599     DB 34, 0
04A2 241F            600     DB 36, 31
04A4 2504            601     DB 37, 4
04A6 282F            602     DB 40, 47
04A8 21B2            603     DB 33, 178
04AA 2395            604     DB 35, 149
04AC 2489            605     DB 36, 137
04AE 2507            606     DB 37, 7
04B0 2620            607     DB 38, 32
04B2 2704            608     DB 39, 4
04B4 2830            609     DB 40, 48
04B6 2042            610     DB 32, 66
04B8 218B            611     DB 33, 139
04BA 2204            612     DB 34, 4
04BC 2380            613     DB 35, 128
04BE 26AA            614     DB 38, 170
04C0 270A            615     DB 39, 10
04C2 2831            616     DB 40, 49
04C4 2000            617     DB 32, 0
04C6 21B1            618     DB 33, 177
04C8 2200            619     DB 34, 0
04CA 2395            620     DB 35, 149
04CC 26A0            621     DB 38, 160
04CE 2707            622     DB 39, 7
04D0 2832            623     DB 40, 50
04D2 2003            624     DB 32, 3
04D4 2175            625     DB 33, 117
04D6 2204            626     DB 34, 4
04D8 2383            627     DB 35, 131
04DA 2626            628     DB 38, 38
04DC 270D            629     DB 39, 13
04DE 2833            630     DB 40, 51
04E0 2005            631     DB 32, 5
04E2 2100            632     DB 33, 0
04E4 2200            633     DB 34, 0
04E6 2384            634     DB 35, 132
04E8 26B4            635     DB 38, 180
04EA 2709            636     DB 39, 9
04EC 2834            637     DB 40, 52
04EE 2000            638     DB 32, 0
04F0 2160            639     DB 33, 96
04F2 2300            640     DB 35, 0
04F4 2401            641     DB 36, 1
04F6 25C0            642     DB 37, 192
04F8 26AB            643     DB 38, 171
04FA 270A            644     DB 39, 10
04FC 2835            645     DB 40, 53
04FE 2108            646     DB 33, 8
0500 2298            647     DB 34, 152
0502 2395            648     DB 35, 149
0504 2489            649     DB 36, 137
0506 2507            650     DB 37, 7
0508 2624            651     DB 38, 36
050A 2700            652     DB 39, 0
A51 MACRO ASSEMBLER  CONFIG                                                               12/10/2019 19:27:38 PAGE    11

050C 2836            653     DB 40, 54
050E 21BC            654     DB 33, 188
0510 2200            655     DB 34, 0
0512 2837            656     DB 40, 55
0514 21A3            657     DB 33, 163
0516 220D            658     DB 34, 13
0518 2300            659     DB 35, 0
051A 2401            660     DB 36, 1
051C 25C0            661     DB 37, 192
051E 26AB            662     DB 38, 171
0520 270A            663     DB 39, 10
0522 2838            664     DB 40, 56
0524 2160            665     DB 33, 96
0526 2200            666     DB 34, 0
0528 2380            667     DB 35, 128
052A 2400            668     DB 36, 0
052C 2538            669     DB 37, 56
052E 26AA            670     DB 38, 170
0530 2839            671     DB 40, 57
0532 2106            672     DB 33, 6
0534 2298            673     DB 34, 152
0536 2395            674     DB 35, 149
0538 2489            675     DB 36, 137
053A 2507            676     DB 37, 7
053C 2624            677     DB 38, 36
053E 2700            678     DB 39, 0
0540 283A            679     DB 40, 58
0542 21BE            680     DB 33, 190
0544 2200            681     DB 34, 0
0546 283B            682     DB 40, 59
0548 2005            683     DB 32, 5
054A 2100            684     DB 33, 0
054C 2384            685     DB 35, 132
054E 26B4            686     DB 38, 180
0550 2709            687     DB 39, 9
0552 283C            688     DB 40, 60
0554 2000            689     DB 32, 0
0556 2160            690     DB 33, 96
0558 2300            691     DB 35, 0
055A 2401            692     DB 36, 1
055C 25C0            693     DB 37, 192
055E 26AB            694     DB 38, 171
0560 270A            695     DB 39, 10
0562 283D            696     DB 40, 61
0564 2142            697     DB 33, 66
0566 2201            698     DB 34, 1
0568 2395            699     DB 35, 149
056A 2489            700     DB 36, 137
056C 2507            701     DB 37, 7
056E 2624            702     DB 38, 36
0570 2700            703     DB 39, 0
0572 283E            704     DB 40, 62
0574 210C            705     DB 33, 12
0576 2298            706     DB 34, 152
0578 26A4            707     DB 38, 164
057A 2707            708     DB 39, 7
057C 283F            709     DB 40, 63
057E 2108            710     DB 33, 8
0580 2840            711     DB 40, 64
0582 2160            712     DB 33, 96
0584 2200            713     DB 34, 0
0586 2300            714     DB 35, 0
0588 2401            715     DB 36, 1
058A 25C0            716     DB 37, 192
058C 26AB            717     DB 38, 171
058E 270A            718     DB 39, 10
A51 MACRO ASSEMBLER  CONFIG                                                               12/10/2019 19:27:38 PAGE    12

0590 2841            719     DB 40, 65
0592 210C            720     DB 33, 12
0594 2298            721     DB 34, 152
0596 2395            722     DB 35, 149
0598 2489            723     DB 36, 137
059A 2507            724     DB 37, 7
059C 2624            725     DB 38, 36
059E 2700            726     DB 39, 0
05A0 2842            727     DB 40, 66
05A2 2005            728     DB 32, 5
05A4 2100            729     DB 33, 0
05A6 2200            730     DB 34, 0
05A8 2384            731     DB 35, 132
05AA 26B4            732     DB 38, 180
05AC 2709            733     DB 39, 9
05AE 2843            734     DB 40, 67
05B0 2000            735     DB 32, 0
05B2 2380            736     DB 35, 128
05B4 2400            737     DB 36, 0
05B6 2510            738     DB 37, 16
05B8 26AB            739     DB 38, 171
05BA 270A            740     DB 39, 10
05BC 2844            741     DB 40, 68
05BE 2122            742     DB 33, 34
05C0 2201            743     DB 34, 1
05C2 2395            744     DB 35, 149
05C4 2489            745     DB 36, 137
05C6 2507            746     DB 37, 7
05C8 2624            747     DB 38, 36
05CA 2700            748     DB 39, 0
05CC 2845            749     DB 40, 69
05CE 2100            750     DB 33, 0
05D0 2200            751     DB 34, 0
05D2 2300            752     DB 35, 0
05D4 2404            753     DB 36, 4
05D6 2512            754     DB 37, 18
05D8 26AA            755     DB 38, 170
05DA 270A            756     DB 39, 10
05DC 2846            757     DB 40, 70
05DE 2003            758     DB 32, 3
05E0 21D4            759     DB 33, 212
05E2 2205            760     DB 34, 5
05E4 2383            761     DB 35, 131
05E6 2489            762     DB 36, 137
05E8 2507            763     DB 37, 7
05EA 2626            764     DB 38, 38
05EC 270D            765     DB 39, 13
05EE 2847            766     DB 40, 71
05F0 2000            767     DB 32, 0
05F2 2160            768     DB 33, 96
05F4 2200            769     DB 34, 0
05F6 2300            770     DB 35, 0
05F8 2401            771     DB 36, 1
05FA 25C0            772     DB 37, 192
05FC 26AB            773     DB 38, 171
05FE 270A            774     DB 39, 10
0600 2848            775     DB 40, 72
0602 21B3            776     DB 33, 179
0604 2395            777     DB 35, 149
0606 2489            778     DB 36, 137
0608 2507            779     DB 37, 7
060A 2600            780     DB 38, 0
060C 2708            781     DB 39, 8
060E 2849            782     DB 40, 73
0610 2100            783     DB 33, 0
0612 2300            784     DB 35, 0
A51 MACRO ASSEMBLER  CONFIG                                                               12/10/2019 19:27:38 PAGE    13

0614 2409            785     DB 36, 9
0616 2500            786     DB 37, 0
0618 26AA            787     DB 38, 170
061A 270A            788     DB 39, 10
061C 284A            789     DB 40, 74
061E 2102            790     DB 33, 2
0620 2380            791     DB 35, 128
0622 2486            792     DB 36, 134
0624 253B            793     DB 37, 59
0626 284B            794     DB 40, 75
0628 2042            795     DB 32, 66
062A 21DD            796     DB 33, 221
062C 2205            797     DB 34, 5
062E 2489            798     DB 36, 137
0630 2507            799     DB 37, 7
0632 284C            800     DB 40, 76
0634 2000            801     DB 32, 0
0636 2100            802     DB 33, 0
0638 2200            803     DB 34, 0
063A 241F            804     DB 36, 31
063C 2500            805     DB 37, 0
063E 284D            806     DB 40, 77
0640 21B3            807     DB 33, 179
0642 2395            808     DB 35, 149
0644 2489            809     DB 36, 137
0646 2507            810     DB 37, 7
0648 2620            811     DB 38, 32
064A 2700            812     DB 39, 0
064C 284E            813     DB 40, 78
064E 2100            814     DB 33, 0
0650 2300            815     DB 35, 0
0652 2497            816     DB 36, 151
0654 2503            817     DB 37, 3
0656 26AA            818     DB 38, 170
0658 270A            819     DB 39, 10
065A 284F            820     DB 40, 79
065C 2042            821     DB 32, 66
065E 21E2            822     DB 33, 226
0660 2205            823     DB 34, 5
0662 2380            824     DB 35, 128
0664 2489            825     DB 36, 137
0666 2507            826     DB 37, 7
0668 2850            827     DB 40, 80
066A 2000            828     DB 32, 0
066C 2110            829     DB 33, 16
066E 2200            830     DB 34, 0
0670 2300            831     DB 35, 0
0672 2480            832     DB 36, 128
0674 25CC            833     DB 37, 204
0676 26AB            834     DB 38, 171
0678 2851            835     DB 40, 81
067A 2100            836     DB 33, 0
067C 2240            837     DB 34, 64
067E 23B4            838     DB 35, 180
0680 2489            839     DB 36, 137
0682 2507            840     DB 37, 7
0684 26AA            841     DB 38, 170
0686 2704            842     DB 39, 4
0688 2852            843     DB 40, 82
068A 2200            844     DB 34, 0
068C 23B0            845     DB 35, 176
068E 2692            846     DB 38, 146
0690 2709            847     DB 39, 9
0692 2853            848     DB 40, 83
0694 2114            849     DB 33, 20
0696 2201            850     DB 34, 1
A51 MACRO ASSEMBLER  CONFIG                                                               12/10/2019 19:27:38 PAGE    14

0698 2395            851     DB 35, 149
069A 2600            852     DB 38, 0
069C 2708            853     DB 39, 8
069E 2854            854     DB 40, 84
06A0 2148            855     DB 33, 72
06A2 23A4            856     DB 35, 164
06A4 262A            857     DB 38, 42
06A6 2700            858     DB 39, 0
06A8 2855            859     DB 40, 85
06AA 2100            860     DB 33, 0
06AC 2200            861     DB 34, 0
06AE 2300            862     DB 35, 0
06B0 2409            863     DB 36, 9
06B2 2500            864     DB 37, 0
06B4 26AA            865     DB 38, 170
06B6 270A            866     DB 39, 10
06B8 2856            867     DB 40, 86
06BA 2108            868     DB 33, 8
06BC 2380            869     DB 35, 128
06BE 2486            870     DB 36, 134
06C0 253B            871     DB 37, 59
06C2 2857            872     DB 40, 87
06C4 2042            873     DB 32, 66
06C6 2111            874     DB 33, 17
06C8 2207            875     DB 34, 7
06CA 2489            876     DB 36, 137
06CC 2507            877     DB 37, 7
06CE 2858            878     DB 40, 88
06D0 2000            879     DB 32, 0
06D2 2100            880     DB 33, 0
06D4 2200            881     DB 34, 0
06D6 241F            882     DB 36, 31
06D8 2500            883     DB 37, 0
06DA 2859            884     DB 40, 89
06DC 2114            885     DB 33, 20
06DE 2201            886     DB 34, 1
06E0 2395            887     DB 35, 149
06E2 2489            888     DB 36, 137
06E4 2507            889     DB 37, 7
06E6 2620            890     DB 38, 32
06E8 2700            891     DB 39, 0
06EA 285A            892     DB 40, 90
06EC 2116            893     DB 33, 22
06EE 2602            894     DB 38, 2
06F0 2709            895     DB 39, 9
06F2 285B            896     DB 40, 91
06F4 2100            897     DB 33, 0
06F6 2200            898     DB 34, 0
06F8 2300            899     DB 35, 0
06FA 2480            900     DB 36, 128
06FC 2548            901     DB 37, 72
06FE 26AA            902     DB 38, 170
0700 270A            903     DB 39, 10
0702 285C            904     DB 40, 92
0704 23A0            905     DB 35, 160
0706 2489            906     DB 36, 137
0708 2507            907     DB 37, 7
070A 2614            908     DB 38, 20
070C 2709            909     DB 39, 9
070E 285D            910     DB 40, 93
0710 2480            911     DB 36, 128
0712 2550            912     DB 37, 80
0714 26A4            913     DB 38, 164
0716 2704            914     DB 39, 4
0718 285E            915     DB 40, 94
071A 2116            916     DB 33, 22
A51 MACRO ASSEMBLER  CONFIG                                                               12/10/2019 19:27:38 PAGE    15

071C 2201            917     DB 34, 1
071E 2395            918     DB 35, 149
0720 2489            919     DB 36, 137
0722 2507            920     DB 37, 7
0724 2700            921     DB 39, 0
0726 285F            922     DB 40, 95
0728 2104            923     DB 33, 4
072A 2200            924     DB 34, 0
072C 2300            925     DB 35, 0
072E 249C            926     DB 36, 156
0730 2578            927     DB 37, 120
0732 26AA            928     DB 38, 170
0734 270A            929     DB 39, 10
0736 2860            930     DB 40, 96
0738 2143            931     DB 33, 67
073A 220D            932     DB 34, 13
073C 2401            933     DB 36, 1
073E 25C4            934     DB 37, 196
0740 26AB            935     DB 38, 171
0742 2861            936     DB 40, 97
0744 2103            937     DB 33, 3
0746 2200            938     DB 34, 0
0748 2415            939     DB 36, 21
074A 2862            940     DB 40, 98
074C 2100            941     DB 33, 0
074E 2400            942     DB 36, 0
0750 2500            943     DB 37, 0
0752 26AA            944     DB 38, 170
0754 2863            945     DB 40, 99
0756 215E            946     DB 33, 94
0758 2395            947     DB 35, 149
075A 2489            948     DB 36, 137
075C 2507            949     DB 37, 7
075E 2610            950     DB 38, 16
0760 2709            951     DB 39, 9
0762 2864            952     DB 40, 100
0764 2103            953     DB 33, 3
0766 2300            954     DB 35, 0
0768 2415            955     DB 36, 21
076A 25C4            956     DB 37, 196
076C 26AB            957     DB 38, 171
076E 270A            958     DB 39, 10
0770 2865            959     DB 40, 101
0772 2100            960     DB 33, 0
0774 2380            961     DB 35, 128
0776 2400            962     DB 36, 0
0778 2506            963     DB 37, 6
077A 26AA            964     DB 38, 170
077C 2866            965     DB 40, 102
077E 248F            966     DB 36, 143
0780 25E3            967     DB 37, 227
0782 26AB            968     DB 38, 171
0784 2867            969     DB 40, 103
0786 2042            970     DB 32, 66
0788 21CD            971     DB 33, 205
078A 2207            972     DB 34, 7
078C 2489            973     DB 36, 137
078E 2507            974     DB 37, 7
0790 26AA            975     DB 38, 170
0792 2868            976     DB 40, 104
0794 2000            977     DB 32, 0
0796 2160            978     DB 33, 96
0798 2200            979     DB 34, 0
079A 2300            980     DB 35, 0
079C 2401            981     DB 36, 1
079E 25C0            982     DB 37, 192
A51 MACRO ASSEMBLER  CONFIG                                                               12/10/2019 19:27:38 PAGE    16

07A0 26AB            983     DB 38, 171
07A2 2869            984     DB 40, 105
07A4 2100            985     DB 33, 0
07A6 2380            986     DB 35, 128
07A8 248F            987     DB 36, 143
07AA 2503            988     DB 37, 3
07AC 26AA            989     DB 38, 170
07AE 286A            990     DB 40, 106
07B0 2042            991     DB 32, 66
07B2 21DD            992     DB 33, 221
07B4 2207            993     DB 34, 7
07B6 2489            994     DB 36, 137
07B8 2507            995     DB 37, 7
07BA 286B            996     DB 40, 107
07BC 2000            997     DB 32, 0
07BE 2143            998     DB 33, 67
07C0 220D            999     DB 34, 13
07C2 2300           1000     DB 35, 0
07C4 2401           1001     DB 36, 1
07C6 25C0           1002     DB 37, 192
07C8 26AB           1003     DB 38, 171
07CA 286C           1004     DB 40, 108
07CC 2100           1005     DB 33, 0
07CE 2200           1006     DB 34, 0
07D0 2400           1007     DB 36, 0
07D2 2504           1008     DB 37, 4
07D4 26AA           1009     DB 38, 170
07D6 286D           1010     DB 40, 109
07D8 2003           1011     DB 32, 3
07DA 217F           1012     DB 33, 127
07DC 2201           1013     DB 34, 1
07DE 2383           1014     DB 35, 131
07E0 2489           1015     DB 36, 137
07E2 2507           1016     DB 37, 7
07E4 2626           1017     DB 38, 38
07E6 270D           1018     DB 39, 13
07E8 286E           1019     DB 40, 110
07EA 2162           1020     DB 33, 98
07EC 286F           1021     DB 40, 111
07EE 2005           1022     DB 32, 5
07F0 2100           1023     DB 33, 0
07F2 2200           1024     DB 34, 0
07F4 2384           1025     DB 35, 132
07F6 26B4           1026     DB 38, 180
07F8 2709           1027     DB 39, 9
07FA 2870           1028     DB 40, 112
07FC 2000           1029     DB 32, 0
07FE 2106           1030     DB 33, 6
0800 2395           1031     DB 35, 149
0802 2600           1032     DB 38, 0
0804 2708           1033     DB 39, 8
0806 2871           1034     DB 40, 113
0808 2101           1035     DB 33, 1
080A 2300           1036     DB 35, 0
080C 2497           1037     DB 36, 151
080E 253B           1038     DB 37, 59
0810 26AA           1039     DB 38, 170
0812 270A           1040     DB 39, 10
0814 2872           1041     DB 40, 114
0816 2042           1042     DB 32, 66
0818 210E           1043     DB 33, 14
081A 2208           1044     DB 34, 8
081C 2380           1045     DB 35, 128
081E 2489           1046     DB 36, 137
0820 2507           1047     DB 37, 7
0822 2873           1048     DB 40, 115
A51 MACRO ASSEMBLER  CONFIG                                                               12/10/2019 19:27:38 PAGE    17

0824 2003           1049     DB 32, 3
0826 213C           1050     DB 33, 60
0828 220B           1051     DB 34, 11
082A 2383           1052     DB 35, 131
082C 2626           1053     DB 38, 38
082E 270D           1054     DB 39, 13
0830 2874           1055     DB 40, 116
0832 2000           1056     DB 32, 0
0834 2103           1057     DB 33, 3
0836 2200           1058     DB 34, 0
0838 2395           1059     DB 35, 149
083A 2602           1060     DB 38, 2
083C 2708           1061     DB 39, 8
083E 2875           1062     DB 40, 117
0840 2127           1063     DB 33, 39
0842 2300           1064     DB 35, 0
0844 2481           1065     DB 36, 129
0846 25C4           1066     DB 37, 196
0848 26AB           1067     DB 38, 171
084A 270A           1068     DB 39, 10
084C 2876           1069     DB 40, 118
084E 2100           1070     DB 33, 0
0850 2380           1071     DB 35, 128
0852 2409           1072     DB 36, 9
0854 2548           1073     DB 37, 72
0856 26AA           1074     DB 38, 170
0858 2877           1075     DB 40, 119
085A 2158           1076     DB 33, 88
085C 2234           1077     DB 34, 52
085E 23A3           1078     DB 35, 163
0860 2489           1079     DB 36, 137
0862 2507           1080     DB 37, 7
0864 262A           1081     DB 38, 42
0866 2700           1082     DB 39, 0
0868 2878           1083     DB 40, 120
086A 2100           1084     DB 33, 0
086C 2200           1085     DB 34, 0
086E 23A0           1086     DB 35, 160
0870 2600           1087     DB 38, 0
0872 2709           1088     DB 39, 9
0874 2879           1089     DB 40, 121
0876 2107           1090     DB 33, 7
0878 2380           1091     DB 35, 128
087A 2403           1092     DB 36, 3
087C 2539           1093     DB 37, 57
087E 26AA           1094     DB 38, 170
0880 270A           1095     DB 39, 10
0882 287A           1096     DB 40, 122
0884 2104           1097     DB 33, 4
0886 2300           1098     DB 35, 0
0888 241C           1099     DB 36, 28
088A 2538           1100     DB 37, 56
088C 287B           1101     DB 40, 123
088E 2107           1102     DB 33, 7
0890 2380           1103     DB 35, 128
0892 2483           1104     DB 36, 131
0894 2539           1105     DB 37, 57
0896 287C           1106     DB 40, 124
0898 2103           1107     DB 33, 3
089A 2395           1108     DB 35, 149
089C 2489           1109     DB 36, 137
089E 2507           1110     DB 37, 7
08A0 2602           1111     DB 38, 2
08A2 2708           1112     DB 39, 8
08A4 287D           1113     DB 40, 125
08A6 2127           1114     DB 33, 39
A51 MACRO ASSEMBLER  CONFIG                                                               12/10/2019 19:27:38 PAGE    18

08A8 2300           1115     DB 35, 0
08AA 2481           1116     DB 36, 129
08AC 25C4           1117     DB 37, 196
08AE 26AB           1118     DB 38, 171
08B0 270A           1119     DB 39, 10
08B2 287E           1120     DB 40, 126
08B4 2100           1121     DB 33, 0
08B6 2380           1122     DB 35, 128
08B8 2409           1123     DB 36, 9
08BA 2548           1124     DB 37, 72
08BC 26AA           1125     DB 38, 170
08BE 287F           1126     DB 40, 127
08C0 2158           1127     DB 33, 88
08C2 2234           1128     DB 34, 52
08C4 23A3           1129     DB 35, 163
08C6 2489           1130     DB 36, 137
08C8 2507           1131     DB 37, 7
08CA 262A           1132     DB 38, 42
08CC 2700           1133     DB 39, 0
08CE 2880           1134     DB 40, 128
08D0 2106           1135     DB 33, 6
08D2 2200           1136     DB 34, 0
08D4 2300           1137     DB 35, 0
08D6 2481           1138     DB 36, 129
08D8 25C0           1139     DB 37, 192
08DA 2693           1140     DB 38, 147
08DC 2701           1141     DB 39, 1
08DE 2881           1142     DB 40, 129
08E0 2100           1143     DB 33, 0
08E2 2380           1144     DB 35, 128
08E4 2489           1145     DB 36, 137
08E6 2548           1146     DB 37, 72
08E8 26AA           1147     DB 38, 170
08EA 270A           1148     DB 39, 10
08EC 2882           1149     DB 40, 130
08EE 2002           1150     DB 32, 2
08F0 2166           1151     DB 33, 102
08F2 2208           1152     DB 34, 8
08F4 2300           1153     DB 35, 0
08F6 2400           1154     DB 36, 0
08F8 2566           1155     DB 37, 102
08FA 2883           1156     DB 40, 131
08FC 2000           1157     DB 32, 0
08FE 2100           1158     DB 33, 0
0900 2200           1159     DB 34, 0
0902 2380           1160     DB 35, 128
0904 241F           1161     DB 36, 31
0906 2502           1162     DB 37, 2
0908 2884           1163     DB 40, 132
090A 2106           1164     DB 33, 6
090C 2489           1165     DB 36, 137
090E 2507           1166     DB 37, 7
0910 26DC           1167     DB 38, 220
0912 270C           1168     DB 39, 12
0914 2885           1169     DB 40, 133
0916 2100           1170     DB 33, 0
0918 23AA           1171     DB 35, 170
091A 26AA           1172     DB 38, 170
091C 270A           1173     DB 39, 10
091E 2886           1174     DB 40, 134
0920 23B6           1175     DB 35, 182
0922 2600           1176     DB 38, 0
0924 2708           1177     DB 39, 8
0926 2887           1178     DB 40, 135
0928 2380           1179     DB 35, 128
092A 2486           1180     DB 36, 134
A51 MACRO ASSEMBLER  CONFIG                                                               12/10/2019 19:27:38 PAGE    19

092C 253B           1181     DB 37, 59
092E 26AA           1182     DB 38, 170
0930 270A           1183     DB 39, 10
0932 2888           1184     DB 40, 136
0934 2105           1185     DB 33, 5
0936 2489           1186     DB 36, 137
0938 2507           1187     DB 37, 7
093A 26DC           1188     DB 38, 220
093C 270C           1189     DB 39, 12
093E 2889           1190     DB 40, 137
0940 2100           1191     DB 33, 0
0942 23AA           1192     DB 35, 170
0944 26AA           1193     DB 38, 170
0946 270A           1194     DB 39, 10
0948 288A           1195     DB 40, 138
094A 23B6           1196     DB 35, 182
094C 2600           1197     DB 38, 0
094E 2708           1198     DB 39, 8
0950 288B           1199     DB 40, 139
0952 2380           1200     DB 35, 128
0954 2486           1201     DB 36, 134
0956 253B           1202     DB 37, 59
0958 26AA           1203     DB 38, 170
095A 270A           1204     DB 39, 10
095C 288C           1205     DB 40, 140
095E 2042           1206     DB 32, 66
0960 217B           1207     DB 33, 123
0962 2208           1208     DB 34, 8
0964 2489           1209     DB 36, 137
0966 2507           1210     DB 37, 7
0968 288D           1211     DB 40, 141
096A 2000           1212     DB 32, 0
096C 2100           1213     DB 33, 0
096E 2200           1214     DB 34, 0
0970 2300           1215     DB 35, 0
0972 2401           1216     DB 36, 1
0974 2582           1217     DB 37, 130
0976 288E           1218     DB 40, 142
0978 2105           1219     DB 33, 5
097A 2481           1220     DB 36, 129
097C 25C2           1221     DB 37, 194
097E 26AB           1222     DB 38, 171
0980 288F           1223     DB 40, 143
0982 2003           1224     DB 32, 3
0984 2193           1225     DB 33, 147
0986 2208           1226     DB 34, 8
0988 2383           1227     DB 35, 131
098A 2489           1228     DB 36, 137
098C 2507           1229     DB 37, 7
098E 2626           1230     DB 38, 38
0990 270D           1231     DB 39, 13
0992 2890           1232     DB 40, 144
0994 2000           1233     DB 32, 0
0996 2105           1234     DB 33, 5
0998 2200           1235     DB 34, 0
099A 2300           1236     DB 35, 0
099C 2481           1237     DB 36, 129
099E 25C0           1238     DB 37, 192
09A0 2613           1239     DB 38, 19
09A2 2701           1240     DB 39, 1
09A4 2891           1241     DB 40, 145
09A6 2100           1242     DB 33, 0
09A8 2380           1243     DB 35, 128
09AA 2489           1244     DB 36, 137
09AC 2548           1245     DB 37, 72
09AE 26AA           1246     DB 38, 170
A51 MACRO ASSEMBLER  CONFIG                                                               12/10/2019 19:27:38 PAGE    20

09B0 270A           1247     DB 39, 10
09B2 2892           1248     DB 40, 146
09B4 2002           1249     DB 32, 2
09B6 217E           1250     DB 33, 126
09B8 2208           1251     DB 34, 8
09BA 2300           1252     DB 35, 0
09BC 2400           1253     DB 36, 0
09BE 2566           1254     DB 37, 102
09C0 2893           1255     DB 40, 147
09C2 2000           1256     DB 32, 0
09C4 2100           1257     DB 33, 0
09C6 2200           1258     DB 34, 0
09C8 2380           1259     DB 35, 128
09CA 241F           1260     DB 36, 31
09CC 2502           1261     DB 37, 2
09CE 2894           1262     DB 40, 148
09D0 2105           1263     DB 33, 5
09D2 2489           1264     DB 36, 137
09D4 2507           1265     DB 37, 7
09D6 26DC           1266     DB 38, 220
09D8 270C           1267     DB 39, 12
09DA 2895           1268     DB 40, 149
09DC 2100           1269     DB 33, 0
09DE 23AA           1270     DB 35, 170
09E0 26AA           1271     DB 38, 170
09E2 270A           1272     DB 39, 10
09E4 2896           1273     DB 40, 150
09E6 23B6           1274     DB 35, 182
09E8 2600           1275     DB 38, 0
09EA 2708           1276     DB 39, 8
09EC 2897           1277     DB 40, 151
09EE 2380           1278     DB 35, 128
09F0 2486           1279     DB 36, 134
09F2 253B           1280     DB 37, 59
09F4 26AA           1281     DB 38, 170
09F6 270A           1282     DB 39, 10
09F8 2898           1283     DB 40, 152
09FA 2105           1284     DB 33, 5
09FC 2489           1285     DB 36, 137
09FE 2507           1286     DB 37, 7
0A00 26DC           1287     DB 38, 220
0A02 270C           1288     DB 39, 12
0A04 2899           1289     DB 40, 153
0A06 2100           1290     DB 33, 0
0A08 23AA           1291     DB 35, 170
0A0A 26AA           1292     DB 38, 170
0A0C 270A           1293     DB 39, 10
0A0E 289A           1294     DB 40, 154
0A10 2380           1295     DB 35, 128
0A12 241F           1296     DB 36, 31
0A14 2502           1297     DB 37, 2
0A16 289B           1298     DB 40, 155
0A18 2101           1299     DB 33, 1
0A1A 2300           1300     DB 35, 0
0A1C 2481           1301     DB 36, 129
0A1E 25C2           1302     DB 37, 194
0A20 26AB           1303     DB 38, 171
0A22 289C           1304     DB 40, 156
0A24 2003           1305     DB 32, 3
0A26 2193           1306     DB 33, 147
0A28 2208           1307     DB 34, 8
0A2A 2383           1308     DB 35, 131
0A2C 2489           1309     DB 36, 137
0A2E 2507           1310     DB 37, 7
0A30 2626           1311     DB 38, 38
0A32 270D           1312     DB 39, 13
A51 MACRO ASSEMBLER  CONFIG                                                               12/10/2019 19:27:38 PAGE    21

0A34 289D           1313     DB 40, 157
0A36 2000           1314     DB 32, 0
0A38 2104           1315     DB 33, 4
0A3A 2200           1316     DB 34, 0
0A3C 2395           1317     DB 35, 149
0A3E 2612           1318     DB 38, 18
0A40 2708           1319     DB 39, 8
0A42 289E           1320     DB 40, 158
0A44 2160           1321     DB 33, 96
0A46 23C4           1322     DB 35, 196
0A48 26AA           1323     DB 38, 170
0A4A 2704           1324     DB 39, 4
0A4C 289F           1325     DB 40, 159
0A4E 2100           1326     DB 33, 0
0A50 23C0           1327     DB 35, 192
0A52 2600           1328     DB 38, 0
0A54 2709           1329     DB 39, 9
0A56 28A0           1330     DB 40, 160
0A58 2042           1331     DB 32, 66
0A5A 21CB           1332     DB 33, 203
0A5C 2208           1333     DB 34, 8
0A5E 2380           1334     DB 35, 128
0A60 26AA           1335     DB 38, 170
0A62 270A           1336     DB 39, 10
0A64 28A1           1337     DB 40, 161
0A66 2070           1338     DB 32, 112
0A68 2154           1339     DB 33, 84
0A6A 22B8           1340     DB 34, 184
0A6C 2395           1341     DB 35, 149
0A6E 2612           1342     DB 38, 18
0A70 2708           1343     DB 39, 8
0A72 28A2           1344     DB 40, 162
0A74 2002           1345     DB 32, 2
0A76 21CC           1346     DB 33, 204
0A78 2208           1347     DB 34, 8
0A7A 2380           1348     DB 35, 128
0A7C 26AA           1349     DB 38, 170
0A7E 270A           1350     DB 39, 10
0A80 28A3           1351     DB 40, 163
0A82 2003           1352     DB 32, 3
0A84 21CA           1353     DB 33, 202
0A86 220F           1354     DB 34, 15
0A88 2383           1355     DB 35, 131
0A8A 2626           1356     DB 38, 38
0A8C 270D           1357     DB 39, 13
0A8E 28A4           1358     DB 40, 164
0A90 2000           1359     DB 32, 0
0A92 2100           1360     DB 33, 0
0A94 2200           1361     DB 34, 0
0A96 2300           1362     DB 35, 0
0A98 248C           1363     DB 36, 140
0A9A 250C           1364     DB 37, 12
0A9C 26AA           1365     DB 38, 170
0A9E 270A           1366     DB 39, 10
0AA0 28A5           1367     DB 40, 165
0AA2 2104           1368     DB 33, 4
0AA4 2482           1369     DB 36, 130
0AA6 2578           1370     DB 37, 120
0AA8 28A6           1371     DB 40, 166
0AAA 2100           1372     DB 33, 0
0AAC 2380           1373     DB 35, 128
0AAE 2489           1374     DB 36, 137
0AB0 2548           1375     DB 37, 72
0AB2 2612           1376     DB 38, 18
0AB4 2704           1377     DB 39, 4
0AB6 28A7           1378     DB 40, 167
A51 MACRO ASSEMBLER  CONFIG                                                               12/10/2019 19:27:38 PAGE    22

0AB8 2003           1379     DB 32, 3
0ABA 21DE           1380     DB 33, 222
0ABC 220F           1381     DB 34, 15
0ABE 2383           1382     DB 35, 131
0AC0 2507           1383     DB 37, 7
0AC2 2626           1384     DB 38, 38
0AC4 270D           1385     DB 39, 13
0AC6 28A8           1386     DB 40, 168
0AC8 2000           1387     DB 32, 0
0ACA 2101           1388     DB 33, 1
0ACC 2200           1389     DB 34, 0
0ACE 2300           1390     DB 35, 0
0AD0 249C           1391     DB 36, 156
0AD2 2578           1392     DB 37, 120
0AD4 26AA           1393     DB 38, 170
0AD6 270A           1394     DB 39, 10
0AD8 28A9           1395     DB 40, 169
0ADA 2100           1396     DB 33, 0
0ADC 2380           1397     DB 35, 128
0ADE 2481           1398     DB 36, 129
0AE0 2540           1399     DB 37, 64
0AE2 28AA           1400     DB 40, 170
0AE4 2003           1401     DB 32, 3
0AE6 21CF           1402     DB 33, 207
0AE8 220F           1403     DB 34, 15
0AEA 2383           1404     DB 35, 131
0AEC 2489           1405     DB 36, 137
0AEE 2507           1406     DB 37, 7
0AF0 2626           1407     DB 38, 38
0AF2 270D           1408     DB 39, 13
0AF4 28AB           1409     DB 40, 171
0AF6 2070           1410     DB 32, 112
0AF8 2108           1411     DB 33, 8
0AFA 22B8           1412     DB 34, 184
0AFC 2395           1413     DB 35, 149
0AFE 26A0           1414     DB 38, 160
0B00 2704           1415     DB 39, 4
0B02 28AC           1416     DB 40, 172
0B04 2003           1417     DB 32, 3
0B06 21D4           1418     DB 33, 212
0B08 220F           1419     DB 34, 15
0B0A 2383           1420     DB 35, 131
0B0C 2626           1421     DB 38, 38
0B0E 270D           1422     DB 39, 13
0B10 28AD           1423     DB 40, 173
0B12 2127           1424     DB 33, 39
0B14 220B           1425     DB 34, 11
0B16 28AE           1426     DB 40, 174
0B18 2070           1427     DB 32, 112
0B1A 2163           1428     DB 33, 99
0B1C 22B8           1429     DB 34, 184
0B1E 2395           1430     DB 35, 149
0B20 2612           1431     DB 38, 18
0B22 2708           1432     DB 39, 8
0B24 28AF           1433     DB 40, 175
0B26 2000           1434     DB 32, 0
0B28 2101           1435     DB 33, 1
0B2A 2200           1436     DB 34, 0
0B2C 2380           1437     DB 35, 128
0B2E 2486           1438     DB 36, 134
0B30 25CB           1439     DB 37, 203
0B32 26AB           1440     DB 38, 171
0B34 270A           1441     DB 39, 10
0B36 28B0           1442     DB 40, 176
0B38 2042           1443     DB 32, 66
0B3A 21DD           1444     DB 33, 221
A51 MACRO ASSEMBLER  CONFIG                                                               12/10/2019 19:27:38 PAGE    23

0B3C 2208           1445     DB 34, 8
0B3E 2489           1446     DB 36, 137
0B40 2507           1447     DB 37, 7
0B42 26AA           1448     DB 38, 170
0B44 28B1           1449     DB 40, 177
0B46 2000           1450     DB 32, 0
0B48 2118           1451     DB 33, 24
0B4A 2280           1452     DB 34, 128
0B4C 2395           1453     DB 35, 149
0B4E 26A4           1454     DB 38, 164
0B50 2700           1455     DB 39, 0
0B52 28B2           1456     DB 40, 178
0B54 2003           1457     DB 32, 3
0B56 21D9           1458     DB 33, 217
0B58 220F           1459     DB 34, 15
0B5A 2383           1460     DB 35, 131
0B5C 2626           1461     DB 38, 38
0B5E 270D           1462     DB 39, 13
0B60 28B3           1463     DB 40, 179
0B62 2070           1464     DB 32, 112
0B64 210A           1465     DB 33, 10
0B66 22B8           1466     DB 34, 184
0B68 2395           1467     DB 35, 149
0B6A 26A0           1468     DB 38, 160
0B6C 2700           1469     DB 39, 0
0B6E 28B4           1470     DB 40, 180
0B70 2002           1471     DB 32, 2
0B72 21E0           1472     DB 33, 224
0B74 2208           1473     DB 34, 8
0B76 2380           1474     DB 35, 128
0B78 26AA           1475     DB 38, 170
0B7A 270A           1476     DB 39, 10
0B7C 28B5           1477     DB 40, 181
0B7E 2070           1478     DB 32, 112
0B80 210A           1479     DB 33, 10
0B82 22B8           1480     DB 34, 184
0B84 2395           1481     DB 35, 149
0B86 26A0           1482     DB 38, 160
0B88 2700           1483     DB 39, 0
0B8A 28B6           1484     DB 40, 182
0B8C 2154           1485     DB 33, 84
0B8E 2602           1486     DB 38, 2
0B90 2708           1487     DB 39, 8
0B92 28B7           1488     DB 40, 183
0B94 2000           1489     DB 32, 0
0B96 2118           1490     DB 33, 24
0B98 2280           1491     DB 34, 128
0B9A 26A4           1492     DB 38, 164
0B9C 2700           1493     DB 39, 0
0B9E 28B8           1494     DB 40, 184
0BA0 2100           1495     DB 33, 0
0BA2 2200           1496     DB 34, 0
0BA4 2380           1497     DB 35, 128
0BA6 2480           1498     DB 36, 128
0BA8 2548           1499     DB 37, 72
0BAA 26AA           1500     DB 38, 170
0BAC 270A           1501     DB 39, 10
0BAE 28B9           1502     DB 40, 185
0BB0 2070           1503     DB 32, 112
0BB2 215E           1504     DB 33, 94
0BB4 22B8           1505     DB 34, 184
0BB6 2395           1506     DB 35, 149
0BB8 2489           1507     DB 36, 137
0BBA 2507           1508     DB 37, 7
0BBC 2612           1509     DB 38, 18
0BBE 2708           1510     DB 39, 8
A51 MACRO ASSEMBLER  CONFIG                                                               12/10/2019 19:27:38 PAGE    24

0BC0 28BA           1511     DB 40, 186
0BC2 2000           1512     DB 32, 0
0BC4 2100           1513     DB 33, 0
0BC6 2200           1514     DB 34, 0
0BC8 2380           1515     DB 35, 128
0BCA 2409           1516     DB 36, 9
0BCC 254B           1517     DB 37, 75
0BCE 26AA           1518     DB 38, 170
0BD0 270A           1519     DB 39, 10
0BD2 28BB           1520     DB 40, 187
0BD4 2070           1521     DB 32, 112
0BD6 215F           1522     DB 33, 95
0BD8 22B8           1523     DB 34, 184
0BDA 2395           1524     DB 35, 149
0BDC 2489           1525     DB 36, 137
0BDE 2507           1526     DB 37, 7
0BE0 2610           1527     DB 38, 16
0BE2 2708           1528     DB 39, 8
0BE4 28BC           1529     DB 40, 188
0BE6 2000           1530     DB 32, 0
0BE8 2100           1531     DB 33, 0
0BEA 2200           1532     DB 34, 0
0BEC 2300           1533     DB 35, 0
0BEE 241C           1534     DB 36, 28
0BF0 2583           1535     DB 37, 131
0BF2 26AB           1536     DB 38, 171
0BF4 270A           1537     DB 39, 10
0BF6 28BD           1538     DB 40, 189
0BF8 2003           1539     DB 32, 3
0BFA 2132           1540     DB 33, 50
0BFC 2209           1541     DB 34, 9
0BFE 2383           1542     DB 35, 131
0C00 2489           1543     DB 36, 137
0C02 2507           1544     DB 37, 7
0C04 2626           1545     DB 38, 38
0C06 270D           1546     DB 39, 13
0C08 28BE           1547     DB 40, 190
0C0A 2000           1548     DB 32, 0
0C0C 2100           1549     DB 33, 0
0C0E 2200           1550     DB 34, 0
0C10 2300           1551     DB 35, 0
0C12 2482           1552     DB 36, 130
0C14 258C           1553     DB 37, 140
0C16 26AB           1554     DB 38, 171
0C18 270A           1555     DB 39, 10
0C1A 28BF           1556     DB 40, 191
0C1C 2003           1557     DB 32, 3
0C1E 2125           1558     DB 33, 37
0C20 2209           1559     DB 34, 9
0C22 2383           1560     DB 35, 131
0C24 2489           1561     DB 36, 137
0C26 2507           1562     DB 37, 7
0C28 2626           1563     DB 38, 38
0C2A 270D           1564     DB 39, 13
0C2C 28C0           1565     DB 40, 192
0C2E 2042           1566     DB 32, 66
0C30 21BC           1567     DB 33, 188
0C32 2380           1568     DB 35, 128
0C34 26AA           1569     DB 38, 170
0C36 270A           1570     DB 39, 10
0C38 28C1           1571     DB 40, 193
0C3A 2000           1572     DB 32, 0
0C3C 2101           1573     DB 33, 1
0C3E 2200           1574     DB 34, 0
0C40 2300           1575     DB 35, 0
0C42 2401           1576     DB 36, 1
A51 MACRO ASSEMBLER  CONFIG                                                               12/10/2019 19:27:38 PAGE    25

0C44 25C0           1577     DB 37, 192
0C46 26AB           1578     DB 38, 171
0C48 28C2           1579     DB 40, 194
0C4A 2070           1580     DB 32, 112
0C4C 210F           1581     DB 33, 15
0C4E 22B8           1582     DB 34, 184
0C50 2395           1583     DB 35, 149
0C52 2489           1584     DB 36, 137
0C54 2507           1585     DB 37, 7
0C56 2620           1586     DB 38, 32
0C58 2700           1587     DB 39, 0
0C5A 28C3           1588     DB 40, 195
0C5C 2003           1589     DB 32, 3
0C5E 21E3           1590     DB 33, 227
0C60 220F           1591     DB 34, 15
0C62 2383           1592     DB 35, 131
0C64 2626           1593     DB 38, 38
0C66 270D           1594     DB 39, 13
0C68 28C4           1595     DB 40, 196
0C6A 2005           1596     DB 32, 5
0C6C 2100           1597     DB 33, 0
0C6E 2200           1598     DB 34, 0
0C70 2384           1599     DB 35, 132
0C72 26B4           1600     DB 38, 180
0C74 2709           1601     DB 39, 9
0C76 28C5           1602     DB 40, 197
0C78 2000           1603     DB 32, 0
0C7A 2103           1604     DB 33, 3
0C7C 2395           1605     DB 35, 149
0C7E 2614           1606     DB 38, 20
0C80 2708           1607     DB 39, 8
0C82 28C6           1608     DB 40, 198
0C84 21A6           1609     DB 33, 166
0C86 23A4           1610     DB 35, 164
0C88 262A           1611     DB 38, 42
0C8A 2705           1612     DB 39, 5
0C8C 28C7           1613     DB 40, 199
0C8E 2100           1614     DB 33, 0
0C90 23A0           1615     DB 35, 160
0C92 2644           1616     DB 38, 68
0C94 2709           1617     DB 39, 9
0C96 28C8           1618     DB 40, 200
0C98 2118           1619     DB 33, 24
0C9A 226D           1620     DB 34, 109
0C9C 2380           1621     DB 35, 128
0C9E 249E           1622     DB 36, 158
0CA0 257B           1623     DB 37, 123
0CA2 26AA           1624     DB 38, 170
0CA4 270A           1625     DB 39, 10
0CA6 28C9           1626     DB 40, 201
0CA8 2042           1627     DB 32, 66
0CAA 2113           1628     DB 33, 19
0CAC 220B           1629     DB 34, 11
0CAE 2489           1630     DB 36, 137
0CB0 2507           1631     DB 37, 7
0CB2 28CA           1632     DB 40, 202
0CB4 2000           1633     DB 32, 0
0CB6 21AE           1634     DB 33, 174
0CB8 2200           1635     DB 34, 0
0CBA 2395           1636     DB 35, 149
0CBC 2624           1637     DB 38, 36
0CBE 2700           1638     DB 39, 0
0CC0 28CB           1639     DB 40, 203
0CC2 2100           1640     DB 33, 0
0CC4 2203           1641     DB 34, 3
0CC6 2380           1642     DB 35, 128
A51 MACRO ASSEMBLER  CONFIG                                                               12/10/2019 19:27:38 PAGE    26

0CC8 2487           1643     DB 36, 135
0CCA 257B           1644     DB 37, 123
0CCC 26AA           1645     DB 38, 170
0CCE 270A           1646     DB 39, 10
0CD0 28CC           1647     DB 40, 204
0CD2 2042           1648     DB 32, 66
0CD4 2116           1649     DB 33, 22
0CD6 220B           1650     DB 34, 11
0CD8 2489           1651     DB 36, 137
0CDA 2507           1652     DB 37, 7
0CDC 28CD           1653     DB 40, 205
0CDE 2000           1654     DB 32, 0
0CE0 21AE           1655     DB 33, 174
0CE2 2200           1656     DB 34, 0
0CE4 2395           1657     DB 35, 149
0CE6 2624           1658     DB 38, 36
0CE8 2700           1659     DB 39, 0
0CEA 28CE           1660     DB 40, 206
0CEC 2005           1661     DB 32, 5
0CEE 2100           1662     DB 33, 0
0CF0 2384           1663     DB 35, 132
0CF2 26B4           1664     DB 38, 180
0CF4 2709           1665     DB 39, 9
0CF6 28CF           1666     DB 40, 207
0CF8 2003           1667     DB 32, 3
0CFA 210D           1668     DB 33, 13
0CFC 220B           1669     DB 34, 11
0CFE 2383           1670     DB 35, 131
0D00 2626           1671     DB 38, 38
0D02 270D           1672     DB 39, 13
0D04 28D0           1673     DB 40, 208
0D06 2000           1674     DB 32, 0
0D08 2100           1675     DB 33, 0
0D0A 2200           1676     DB 34, 0
0D0C 2300           1677     DB 35, 0
0D0E 2480           1678     DB 36, 128
0D10 2602           1679     DB 38, 2
0D12 2700           1680     DB 39, 0
0D14 28D1           1681     DB 40, 209
0D16 2380           1682     DB 35, 128
0D18 2409           1683     DB 36, 9
0D1A 2548           1684     DB 37, 72
0D1C 261E           1685     DB 38, 30
0D1E 28D2           1686     DB 40, 210
0D20 2158           1687     DB 33, 88
0D22 2234           1688     DB 34, 52
0D24 2333           1689     DB 35, 51
0D26 2480           1690     DB 36, 128
0D28 2507           1691     DB 37, 7
0D2A 262A           1692     DB 38, 42
0D2C 28D3           1693     DB 40, 211
0D2E 2100           1694     DB 33, 0
0D30 2200           1695     DB 34, 0
0D32 2300           1696     DB 35, 0
0D34 2680           1697     DB 38, 128
0D36 2710           1698     DB 39, 16
0D38 28D4           1699     DB 40, 212
0D3A 2110           1700     DB 33, 16
0D3C 2363           1701     DB 35, 99
0D3E 262A           1702     DB 38, 42
0D40 2700           1703     DB 39, 0
0D42 28D5           1704     DB 40, 213
0D44 2100           1705     DB 33, 0
0D46 2360           1706     DB 35, 96
0D48 26A8           1707     DB 38, 168
0D4A 2712           1708     DB 39, 18
A51 MACRO ASSEMBLER  CONFIG                                                               12/10/2019 19:27:38 PAGE    27

0D4C 28D6           1709     DB 40, 214
0D4E 21AF           1710     DB 33, 175
0D50 224C           1711     DB 34, 76
0D52 2300           1712     DB 35, 0
0D54 26C8           1713     DB 38, 200
0D56 270C           1714     DB 39, 12
0D58 28D7           1715     DB 40, 215
0D5A 2100           1716     DB 33, 0
0D5C 2200           1717     DB 34, 0
0D5E 2680           1718     DB 38, 128
0D60 2705           1719     DB 39, 5
0D62 28D8           1720     DB 40, 216
0D64 2380           1721     DB 35, 128
0D66 2486           1722     DB 36, 134
0D68 253B           1723     DB 37, 59
0D6A 261E           1724     DB 38, 30
0D6C 2700           1725     DB 39, 0
0D6E 28D9           1726     DB 40, 217
0D70 2042           1727     DB 32, 66
0D72 211C           1728     DB 33, 28
0D74 220E           1729     DB 34, 14
0D76 2300           1730     DB 35, 0
0D78 2480           1731     DB 36, 128
0D7A 2507           1732     DB 37, 7
0D7C 28DA           1733     DB 40, 218
0D7E 2000           1734     DB 32, 0
0D80 2135           1735     DB 33, 53
0D82 2229           1736     DB 34, 41
0D84 26C4           1737     DB 38, 196
0D86 270C           1738     DB 39, 12
0D88 28DB           1739     DB 40, 219
0D8A 2002           1740     DB 32, 2
0D8C 211D           1741     DB 33, 29
0D8E 220E           1742     DB 34, 14
0D90 261E           1743     DB 38, 30
0D92 2700           1744     DB 39, 0
0D94 28DC           1745     DB 40, 220
0D96 2000           1746     DB 32, 0
0D98 217F           1747     DB 33, 127
0D9A 2234           1748     DB 34, 52
0D9C 26C4           1749     DB 38, 196
0D9E 270C           1750     DB 39, 12
0DA0 28DD           1751     DB 40, 221
0DA2 2100           1752     DB 33, 0
0DA4 2200           1753     DB 34, 0
0DA6 2390           1754     DB 35, 144
0DA8 249F           1755     DB 36, 159
0DAA 2504           1756     DB 37, 4
0DAC 2610           1757     DB 38, 16
0DAE 270A           1758     DB 39, 10
0DB0 28DE           1759     DB 40, 222
0DB2 2300           1760     DB 35, 0
0DB4 2484           1761     DB 36, 132
0DB6 2500           1762     DB 37, 0
0DB8 2680           1763     DB 38, 128
0DBA 2710           1764     DB 39, 16
0DBC 28DF           1765     DB 40, 223
0DBE 2106           1766     DB 33, 6
0DC0 2363           1767     DB 35, 99
0DC2 2480           1768     DB 36, 128
0DC4 2507           1769     DB 37, 7
0DC6 262A           1770     DB 38, 42
0DC8 2700           1771     DB 39, 0
0DCA 28E0           1772     DB 40, 224
0DCC 2100           1773     DB 33, 0
0DCE 2380           1774     DB 35, 128
A51 MACRO ASSEMBLER  CONFIG                                                               12/10/2019 19:27:38 PAGE    28

0DD0 2489           1775     DB 36, 137
0DD2 26AA           1776     DB 38, 170
0DD4 270A           1777     DB 39, 10
0DD6 28E1           1778     DB 40, 225
0DD8 2005           1779     DB 32, 5
0DDA 2384           1780     DB 35, 132
0DDC 26B4           1781     DB 38, 180
0DDE 2709           1782     DB 39, 9
0DE0 28E2           1783     DB 40, 226
0DE2 2070           1784     DB 32, 112
0DE4 2161           1785     DB 33, 97
0DE6 22B8           1786     DB 34, 184
0DE8 2395           1787     DB 35, 149
0DEA 2612           1788     DB 38, 18
0DEC 2708           1789     DB 39, 8
0DEE 28E3           1790     DB 40, 227
0DF0 2000           1791     DB 32, 0
0DF2 2101           1792     DB 33, 1
0DF4 2200           1793     DB 34, 0
0DF6 2380           1794     DB 35, 128
0DF8 2486           1795     DB 36, 134
0DFA 25C3           1796     DB 37, 195
0DFC 26AB           1797     DB 38, 171
0DFE 270A           1798     DB 39, 10
0E00 28E4           1799     DB 40, 228
0E02 2042           1800     DB 32, 66
0E04 21CE           1801     DB 33, 206
0E06 220F           1802     DB 34, 15
0E08 2489           1803     DB 36, 137
0E0A 2507           1804     DB 37, 7
0E0C 26AA           1805     DB 38, 170
0E0E 28E5           1806     DB 40, 229
0E10 2070           1807     DB 32, 112
0E12 2150           1808     DB 33, 80
0E14 22B8           1809     DB 34, 184
0E16 2395           1810     DB 35, 149
0E18 2612           1811     DB 38, 18
0E1A 2708           1812     DB 39, 8
0E1C 28E6           1813     DB 40, 230
0E1E 2005           1814     DB 32, 5
0E20 2100           1815     DB 33, 0
0E22 2200           1816     DB 34, 0
0E24 2384           1817     DB 35, 132
0E26 26B4           1818     DB 38, 180
0E28 2709           1819     DB 39, 9
0E2A 28E7           1820     DB 40, 231
0E2C 2070           1821     DB 32, 112
0E2E 2164           1822     DB 33, 100
0E30 22B8           1823     DB 34, 184
0E32 2395           1824     DB 35, 149
0E34 2612           1825     DB 38, 18
0E36 2708           1826     DB 39, 8
0E38 28E8           1827     DB 40, 232
0E3A 2000           1828     DB 32, 0
0E3C 2101           1829     DB 33, 1
0E3E 2200           1830     DB 34, 0
0E40 2380           1831     DB 35, 128
0E42 2486           1832     DB 36, 134
0E44 25C3           1833     DB 37, 195
0E46 26AB           1834     DB 38, 171
0E48 270A           1835     DB 39, 10
0E4A 28E9           1836     DB 40, 233
0E4C 2042           1837     DB 32, 66
0E4E 21D3           1838     DB 33, 211
0E50 220F           1839     DB 34, 15
0E52 2489           1840     DB 36, 137
A51 MACRO ASSEMBLER  CONFIG                                                               12/10/2019 19:27:38 PAGE    29

0E54 2507           1841     DB 37, 7
0E56 26AA           1842     DB 38, 170
0E58 28EA           1843     DB 40, 234
0E5A 2070           1844     DB 32, 112
0E5C 2151           1845     DB 33, 81
0E5E 22B8           1846     DB 34, 184
0E60 2395           1847     DB 35, 149
0E62 2612           1848     DB 38, 18
0E64 2708           1849     DB 39, 8
0E66 28EB           1850     DB 40, 235
0E68 2005           1851     DB 32, 5
0E6A 2100           1852     DB 33, 0
0E6C 2200           1853     DB 34, 0
0E6E 2384           1854     DB 35, 132
0E70 26B4           1855     DB 38, 180
0E72 2709           1856     DB 39, 9
0E74 28EC           1857     DB 40, 236
0E76 2070           1858     DB 32, 112
0E78 2165           1859     DB 33, 101
0E7A 22B8           1860     DB 34, 184
0E7C 2395           1861     DB 35, 149
0E7E 2612           1862     DB 38, 18
0E80 2708           1863     DB 39, 8
0E82 28ED           1864     DB 40, 237
0E84 2000           1865     DB 32, 0
0E86 2101           1866     DB 33, 1
0E88 2200           1867     DB 34, 0
0E8A 2380           1868     DB 35, 128
0E8C 2486           1869     DB 36, 134
0E8E 25C3           1870     DB 37, 195
0E90 26AB           1871     DB 38, 171
0E92 270A           1872     DB 39, 10
0E94 28EE           1873     DB 40, 238
0E96 2042           1874     DB 32, 66
0E98 21D8           1875     DB 33, 216
0E9A 220F           1876     DB 34, 15
0E9C 2489           1877     DB 36, 137
0E9E 2507           1878     DB 37, 7
0EA0 26AA           1879     DB 38, 170
0EA2 28EF           1880     DB 40, 239
0EA4 2070           1881     DB 32, 112
0EA6 2152           1882     DB 33, 82
0EA8 22B8           1883     DB 34, 184
0EAA 2395           1884     DB 35, 149
0EAC 2612           1885     DB 38, 18
0EAE 2708           1886     DB 39, 8
0EB0 28F0           1887     DB 40, 240
0EB2 2005           1888     DB 32, 5
0EB4 2100           1889     DB 33, 0
0EB6 2200           1890     DB 34, 0
0EB8 2384           1891     DB 35, 132
0EBA 26B4           1892     DB 38, 180
0EBC 2709           1893     DB 39, 9
0EBE 28F1           1894     DB 40, 241
0EC0 2070           1895     DB 32, 112
0EC2 2161           1896     DB 33, 97
0EC4 22B8           1897     DB 34, 184
0EC6 2395           1898     DB 35, 149
0EC8 2602           1899     DB 38, 2
0ECA 2708           1900     DB 39, 8
0ECC 28F2           1901     DB 40, 242
0ECE 2000           1902     DB 32, 0
0ED0 2101           1903     DB 33, 1
0ED2 2200           1904     DB 34, 0
0ED4 2380           1905     DB 35, 128
0ED6 2486           1906     DB 36, 134
A51 MACRO ASSEMBLER  CONFIG                                                               12/10/2019 19:27:38 PAGE    30

0ED8 25C3           1907     DB 37, 195
0EDA 26AB           1908     DB 38, 171
0EDC 270A           1909     DB 39, 10
0EDE 28F3           1910     DB 40, 243
0EE0 2042           1911     DB 32, 66
0EE2 21DD           1912     DB 33, 221
0EE4 220F           1913     DB 34, 15
0EE6 2489           1914     DB 36, 137
0EE8 2507           1915     DB 37, 7
0EEA 26AA           1916     DB 38, 170
0EEC 28F4           1917     DB 40, 244
0EEE 2070           1918     DB 32, 112
0EF0 2150           1919     DB 33, 80
0EF2 22B8           1920     DB 34, 184
0EF4 2395           1921     DB 35, 149
0EF6 2602           1922     DB 38, 2
0EF8 2708           1923     DB 39, 8
0EFA 28F5           1924     DB 40, 245
0EFC 2005           1925     DB 32, 5
0EFE 2100           1926     DB 33, 0
0F00 2200           1927     DB 34, 0
0F02 2384           1928     DB 35, 132
0F04 26B4           1929     DB 38, 180
0F06 2709           1930     DB 39, 9
0F08 28F6           1931     DB 40, 246
0F0A 2000           1932     DB 32, 0
0F0C 2101           1933     DB 33, 1
0F0E 2380           1934     DB 35, 128
0F10 2486           1935     DB 36, 134
0F12 25CB           1936     DB 37, 203
0F14 26AB           1937     DB 38, 171
0F16 270A           1938     DB 39, 10
0F18 28F7           1939     DB 40, 247
0F1A 2042           1940     DB 32, 66
0F1C 21E1           1941     DB 33, 225
0F1E 220F           1942     DB 34, 15
0F20 2489           1943     DB 36, 137
0F22 2507           1944     DB 37, 7
0F24 26AA           1945     DB 38, 170
0F26 28F8           1946     DB 40, 248
0F28 2000           1947     DB 32, 0
0F2A 2102           1948     DB 33, 2
0F2C 2200           1949     DB 34, 0
0F2E 2300           1950     DB 35, 0
0F30 2481           1951     DB 36, 129
0F32 25C4           1952     DB 37, 196
0F34 26AB           1953     DB 38, 171
0F36 28F9           1954     DB 40, 249
0F38 2100           1955     DB 33, 0
0F3A 2380           1956     DB 35, 128
0F3C 2489           1957     DB 36, 137
0F3E 2548           1958     DB 37, 72
0F40 26AA           1959     DB 38, 170
0F42 28FA           1960     DB 40, 250
0F44 2005           1961     DB 32, 5
0F46 2384           1962     DB 35, 132
0F48 2507           1963     DB 37, 7
0F4A 26B4           1964     DB 38, 180
0F4C 2709           1965     DB 39, 9
0F4E 28FB           1966     DB 40, 251
0F50 2070           1967     DB 32, 112
0F52 214E           1968     DB 33, 78
0F54 22B8           1969     DB 34, 184
0F56 2395           1970     DB 35, 149
0F58 2610           1971     DB 38, 16
0F5A 2708           1972     DB 39, 8
A51 MACRO ASSEMBLER  CONFIG                                                               12/10/2019 19:27:38 PAGE    31

0F5C 28FC           1973     DB 40, 252
0F5E 2000           1974     DB 32, 0
0F60 2100           1975     DB 33, 0
0F62 2200           1976     DB 34, 0
0F64 2380           1977     DB 35, 128
0F66 2486           1978     DB 36, 134
0F68 25C3           1979     DB 37, 195
0F6A 26AB           1980     DB 38, 171
0F6C 270A           1981     DB 39, 10
0F6E 28FD           1982     DB 40, 253
0F70 2042           1983     DB 32, 66
0F72 21E7           1984     DB 33, 231
0F74 220F           1985     DB 34, 15
0F76 2489           1986     DB 36, 137
0F78 2507           1987     DB 37, 7
0F7A 26AA           1988     DB 38, 170
0F7C 28FE           1989     DB 40, 254
0F7E 2000           1990     DB 32, 0
0F80 21BB           1991     DB 33, 187
0F82 2200           1992     DB 34, 0
0F84 2395           1993     DB 35, 149
0F86 2620           1994     DB 38, 32
0F88 2700           1995     DB 39, 0
0F8A 28FF           1996     DB 40, 255
0F8C 2005           1997     DB 32, 5
0F8E 2100           1998     DB 33, 0
0F90 2384           1999     DB 35, 132
0F92 26B4           2000     DB 38, 180
0F94 2709           2001     DB 39, 9
0F96 2A08           2002     DB 42, 8
0F98 1001           2003     DB 16, 1
0F9A FFFF           2004     DB 0xff, 0xff
0F9C FFFF           2005     DB 0xff, 0xff
                    2006     
0F9E                2007     CONFIG2:
0F9E 3A00           2008     DB 58, 0
0FA0 643A           2009     DB 100, 58
0FA2 65BB           2010     DB 101, 187
0FA4 083A           2011     DB 8, 58
0FA6 09BB           2012     DB 9, 187
0FA8 5010           2013     DB 80, 16
0FAA 5267           2014     DB 82, 103
0FAC 5177           2015     DB 81, 119
0FAE 05A1           2016     DB 5, 161
0FB0 1804           2017     DB 24, 4
0FB2 5401           2018     DB 84, 1
0FB4 5521           2019     DB 85, 33
0FB6 0700           2020     DB 7, 0
0FB8 060C           2021     DB 6, 12
0FBA 0B03           2022     DB 11, 3
0FBC 5010           2023     DB 80, 16
0FBE 5100           2024     DB 81, 0
0FC0 5204           2025     DB 82, 4
0FC2 610F           2026     DB 97, 15
0FC4 6455           2027     DB 100, 85
0FC6 6555           2028     DB 101, 85
0FC8 05A1           2029     DB 5, 161
0FCA 1804           2030     DB 24, 4
0FCC FFFF           2031     DB 0xff, 0xff
0FCE FFFF           2032     DB 0xff, 0xff
                    2033     
0FD0                2034     CONFIG3:
0FD0 5407           2035     DB 0x54, 7
0FD2 5510           2036     DB 0x55, 0x10
0FD4 0609           2037     DB 6, 9
0FD6 0B02           2038     DB 11, 2
A51 MACRO ASSEMBLER  CONFIG                                                               12/10/2019 19:27:38 PAGE    32

0FD8 6105           2039     DB 97, 5
0FDA 5006           2040     DB 80, 6
0FDC 6500           2041     DB 101, 0
0FDE 52B8           2042     DB 82, 184
0FE0 6400           2043     DB 100, 0
0FE2 5100           2044     DB 81, 0
0FE4 05A1           2045     DB 5, 161
0FE6 0D00           2046     DB 0x0D, 0
0FE8 1804           2047     DB 0x18, 0x04
0FEA 0C05           2048     DB 0x0C, 0x05
0FEC 4607           2049     DB 0x46, 7
0FEE 4807           2050     DB 0x48, 7
0FF0 7201           2051     DB 0x72, 1
0FF2 FFFF           2052     DB 0xff, 0xff
0FF4 FFFF           2053     DB 0xff, 0xff
                    2054     
                    2055     END
A51 MACRO ASSEMBLER  CONFIG                                                               12/10/2019 19:27:38 PAGE    33

SYMBOL TABLE LISTING
------ ----- -------


N A M E             T Y P E  V A L U E   ATTRIBUTES

CONFIG . . . . . .  C ADDR   0000H   R   SEG=STA013_CONFIG
CONFIG2. . . . . .  C ADDR   0F9EH   R   SEG=STA013_CONFIG
CONFIG3. . . . . .  C ADDR   0FD0H   R   SEG=STA013_CONFIG
STA013_CONFIG. . .  C SEG    0FF6H       REL=UNIT


REGISTER BANK(S) USED: 0 


ASSEMBLY COMPLETE.  0 WARNING(S), 0 ERROR(S)
