C51 COMPILER V6.02  PRINT_BYTES                                                            12/10/2019 21:03:57 PAGE 1   


C51 COMPILER V6.02, COMPILATION OF MODULE PRINT_BYTES
OBJECT MODULE PLACED IN .\print_bytes.OBJ
COMPILER INVOKED BY: C:\Keil\C51\BIN\C51.EXE .\print_bytes.c DEBUG OBJECTEXTEND

stmt level    source

   1          #include <stdio.h>
   2          #include "main.h"
   3          #include "print_bytes.h"
   4          #include "UART.h"
   5          
   6          
   7          //remove this after testing
   8          
   9          
  10          /***********************************************************************
  11          DESC:    Prints 8 bytes in Hexadecimal and then ASCII
  12          INPUT: Pointer to an array of eight bytes
  13          RETURNS: nothing
  14          CAUTION: 
  15          ************************************************************************/
  16          /*
  17          void print_16bytes(uint8_t * array_in_p)
  18          {
  19             uint8_t * input_p;
  20             uint8_t index, dat;
  21             input_p = array_in_p;
  22             printf("%p ",input_p);
  23             for (index=0;index<16;index++)
  24             {
  25                dat=*(input_p+index);
  26                printf("%2.2bX ",dat);
  27             }
  28             for (index=0;index<16;index++)
  29             { 
  30                dat=*(input_p+index);
  31                if (dat<32 || dat>127) dat=46;
  32                UART_Transmit(dat);
  33             }
  34             UART_Transmit(CR);
  35             UART_Transmit(LF);
  36          }
  37          
  38          */
  39          /***********************************************************************
  40          DESC: Prints an array from memory in Hexadecimal and then ASCII
  41          INPUT: Pointer to an array, number of bytes to print
  42          RETURNS: nothing
  43          CAUTION: 
  44          ************************************************************************/
  45          /*
  46          void print_memory(uint8_t * array_in_p, uint16_t number_of_bytes)
  47          {
  48             uint8_t * input_p;
  49             uint16_t i;
  50             input_p = array_in_p;
  51             i = (uint16_t) input_p;
  52             i &= 0x000f;
  53             input_p = input_p - i;
  54             printf("Addr.   0  1  2  3  4  5  6  7  8  9  A  B  C  D  E  F\n\r");
  55             do
C51 COMPILER V6.02  PRINT_BYTES                                                            12/10/2019 21:03:57 PAGE 2   

  56             {
  57                print_16bytes(input_p);
  58                input_p+=16;
  59             }while(input_p<(array_in_p+number_of_bytes));
  60          }*/


MODULE INFORMATION:   STATIC OVERLAYABLE
   CODE SIZE        =   ----    ----
   CONSTANT SIZE    =   ----    ----
   XDATA SIZE       =   ----    ----
   PDATA SIZE       =   ----    ----
   DATA SIZE        =   ----    ----
   IDATA SIZE       =   ----    ----
   BIT SIZE         =   ----    ----
END OF MODULE INFORMATION.


C51 COMPILATION COMPLETE.  0 WARNING(S),  0 ERROR(S)
