C51 COMPILER V6.02  SEOS                                                                   12/10/2019 21:03:59 PAGE 1   


C51 COMPILER V6.02, COMPILATION OF MODULE SEOS
OBJECT MODULE PLACED IN .\sEOS.OBJ
COMPILER INVOKED BY: C:\Keil\C51\BIN\C51.EXE .\sEOS.c DEBUG OBJECTEXTEND

stmt level    source

   1          /* Names: Tyler Andrews, Brennan Campbell, Tyler Tetens
   2           * Project: Experiment 5
   3           * Class: Cpe5160
   4           * Professor: Mr. Younger
   5          */
   6          
   7          #include "sEOS.h"
   8          #include "PORT.h"
   9          #include "Main.h"
  10          
  11          void sEOS_init(uint8_t interval) {
  12   1          uint16_t reload_16;
  13   1          uint8_t reload_8H;
  14   1      	uint8_t reload_8L;
  15   1      
  16   1      	T2CON=0;
  17   1          
  18   1          reload_16 = (uint16_t)(65536UL - ((OSC_FREQ*interval)/(OSC_PER_INST*1000UL))); // 16 bit reload value
  19   1          
  20   1          // 8 bit reload values
  21   1          reload_8H = (uint8_t)(reload_16 / 256);
  22   1          reload_8L = (uint8_t)(reload_16 % 256);
  23   1          
  24   1          // load timer 2 high byte
  25   1          TH2 = reload_8H;
  26   1          RCAP2H = reload_8H;
  27   1          
  28   1          // load timer 2 low byte
  29   1          TL2 = reload_8L;
  30   1          RCAP2L = reload_8L;
  31   1          
  32   1      	TF2 = 0;
  33   1          ET2 = 1; // enable timer 2 interrupt
  34   1      	EA = 1; // enable interrupts globally
  35   1      	TR2 = 1; // start timer 2 interrupt   
  36   1      }
  37          
  38          void go_to_sleep(void) {
  39   1          PCON |= 0x01; // enter idle mode
  40   1      }


MODULE INFORMATION:   STATIC OVERLAYABLE
   CODE SIZE        =     57    ----
   CONSTANT SIZE    =   ----    ----
   XDATA SIZE       =   ----    ----
   PDATA SIZE       =   ----    ----
   DATA SIZE        =   ----    ----
   IDATA SIZE       =   ----    ----
   BIT SIZE         =   ----    ----
END OF MODULE INFORMATION.


C51 COMPILATION COMPLETE.  0 WARNING(S),  0 ERROR(S)
